# JRE version: OpenJDK Runtime Environment Temurin-17.0.13+11 (17.0.13+11) (build 17.0.13+11)
# Java VM: OpenJDK 64-Bit Server VM Temurin-17.0.13+11 (17.0.13+11, mixed mode, tiered, compressed oops, compressed class ptrs, parallel gc, windows-amd64)
GC Precious Log:
 CPUs: 16 total, 16 available
 Memory: 32693M
 Large Page Support: Disabled
 NUMA Support: Disabled
 Compressed Oops: Enabled (32-bit)
 Alignments: Space 512K, Generation 512K, Heap 2M
 Heap Min Capacity: 100M
 Heap Initial Capacity: 100M
 Heap Max Capacity: 1G
 Pre-touch: Disabled
 Parallel Workers: 13
Heap:
 PSYoungGen      total 4608K, used 2315K [0x00000000eab00000, 0x00000000eb100000, 0x0000000100000000)
  eden space 4096K, 44% used [0x00000000eab00000,0x00000000eacc2c10,0x00000000eaf00000)
  from space 512K, 100% used [0x00000000eaf00000,0x00000000eaf80000,0x00000000eaf80000)
  to   space 1024K, 0% used [0x00000000eb000000,0x00000000eb000000,0x00000000eb100000)
 ParOldGen       total 251904K, used 133657K [0x00000000c0000000, 0x00000000cf600000, 0x00000000eab00000)
  object space 251904K, 53% used [0x00000000c0000000,0x00000000c82867d0,0x00000000cf600000)
 Metaspace       used 93815K, committed 95104K, reserved 1179648K
  class space    used 9609K, committed 10112K, reserved 1048576K
GC Heap History (20 events):
Event: 5109.729 GC heap before
{Heap before GC invocations=489 (full 12):
 PSYoungGen      total 6656K, used 6291K [0x00000000eab00000, 0x00000000eb600000, 0x0000000100000000)
  eden space 3072K, 99% used [0x00000000eab00000,0x00000000eadfcdd0,0x00000000eae00000)
  from space 3584K, 90% used [0x00000000eb180000,0x00000000eb4a8000,0x00000000eb500000)
  to   space 3584K, 0% used [0x00000000eae00000,0x00000000eae00000,0x00000000eb180000)
 ParOldGen       total 244736K, used 233272K [0x00000000c0000000, 0x00000000cef00000, 0x00000000eab00000)
  object space 244736K, 95% used [0x00000000c0000000,0x00000000ce3ce328,0x00000000cef00000)
 Metaspace       used 93599K, committed 94912K, reserved 1179648K
  class space    used 9580K, committed 10112K, reserved 1048576K
}
Event: 5109.729 GC heap after
{Heap after GC invocations=489 (full 12):
 PSYoungGen      total 6656K, used 3168K [0x00000000eab00000, 0x00000000eb600000, 0x0000000100000000)
  eden space 3072K, 0% used [0x00000000eab00000,0x00000000eab00000,0x00000000eae00000)
  from space 3584K, 88% used [0x00000000eae00000,0x00000000eb118000,0x00000000eb180000)
  to   space 3584K, 0% used [0x00000000eb280000,0x00000000eb280000,0x00000000eb600000)
 ParOldGen       total 244736K, used 236384K [0x00000000c0000000, 0x00000000cef00000, 0x00000000eab00000)
  object space 244736K, 96% used [0x00000000c0000000,0x00000000ce6d8328,0x00000000cef00000)
 Metaspace       used 93599K, committed 94912K, reserved 1179648K
  class space    used 9580K, committed 10112K, reserved 1048576K
}
Event: 5109.732 GC heap before
{Heap before GC invocations=490 (full 12):
 PSYoungGen      total 6656K, used 6240K [0x00000000eab00000, 0x00000000eb600000, 0x0000000100000000)
  eden space 3072K, 100% used [0x00000000eab00000,0x00000000eae00000,0x00000000eae00000)
  from space 3584K, 88% used [0x00000000eae00000,0x00000000eb118000,0x00000000eb180000)
  to   space 3584K, 0% used [0x00000000eb280000,0x00000000eb280000,0x00000000eb600000)
 ParOldGen       total 244736K, used 236384K [0x00000000c0000000, 0x00000000cef00000, 0x00000000eab00000)
  object space 244736K, 96% used [0x00000000c0000000,0x00000000ce6d8328,0x00000000cef00000)
 Metaspace       used 93599K, committed 94912K, reserved 1179648K
  class space    used 9580K, committed 10112K, reserved 1048576K
}
Event: 5109.733 GC heap after
{Heap after GC invocations=490 (full 12):
 PSYoungGen      total 5120K, used 698K [0x00000000eab00000, 0x00000000eb380000, 0x0000000100000000)
  eden space 4096K, 0% used [0x00000000eab00000,0x00000000eab00000,0x00000000eaf00000)
  from space 1024K, 68% used [0x00000000eb280000,0x00000000eb32e900,0x00000000eb380000)
  to   space 2048K, 0% used [0x00000000eaf80000,0x00000000eaf80000,0x00000000eb180000)
 ParOldGen       total 244736K, used 239408K [0x00000000c0000000, 0x00000000cef00000, 0x00000000eab00000)
  object space 244736K, 97% used [0x00000000c0000000,0x00000000ce9cc328,0x00000000cef00000)
 Metaspace       used 93599K, committed 94912K, reserved 1179648K
  class space    used 9580K, committed 10112K, reserved 1048576K
}
Event: 5109.738 GC heap before
{Heap before GC invocations=491 (full 12):
 PSYoungGen      total 5120K, used 4794K [0x00000000eab00000, 0x00000000eb380000, 0x0000000100000000)
  eden space 4096K, 100% used [0x00000000eab00000,0x00000000eaf00000,0x00000000eaf00000)
  from space 1024K, 68% used [0x00000000eb280000,0x00000000eb32e900,0x00000000eb380000)
  to   space 2048K, 0% used [0x00000000eaf80000,0x00000000eaf80000,0x00000000eb180000)
 ParOldGen       total 244736K, used 239408K [0x00000000c0000000, 0x00000000cef00000, 0x00000000eab00000)
  object space 244736K, 97% used [0x00000000c0000000,0x00000000ce9cc328,0x00000000cef00000)
 Metaspace       used 93601K, committed 94912K, reserved 1179648K
  class space    used 9580K, committed 10112K, reserved 1048576K
}
Event: 5109.738 GC heap after
{Heap after GC invocations=491 (full 12):
 PSYoungGen      total 6656K, used 640K [0x00000000eab00000, 0x00000000eb300000, 0x0000000100000000)
  eden space 4608K, 0% used [0x00000000eab00000,0x00000000eab00000,0x00000000eaf80000)
  from space 2048K, 31% used [0x00000000eaf80000,0x00000000eb020000,0x00000000eb180000)
  to   space 1024K, 0% used [0x00000000eb200000,0x00000000eb200000,0x00000000eb300000)
 ParOldGen       total 244736K, used 239993K [0x00000000c0000000, 0x00000000cef00000, 0x00000000eab00000)
  object space 244736K, 98% used [0x00000000c0000000,0x00000000cea5e538,0x00000000cef00000)
 Metaspace       used 93601K, committed 94912K, reserved 1179648K
  class space    used 9580K, committed 10112K, reserved 1048576K
}
Event: 5109.746 GC heap before
{Heap before GC invocations=492 (full 12):
 PSYoungGen      total 6656K, used 5248K [0x00000000eab00000, 0x00000000eb300000, 0x0000000100000000)
  eden space 4608K, 100% used [0x00000000eab00000,0x00000000eaf80000,0x00000000eaf80000)
  from space 2048K, 31% used [0x00000000eaf80000,0x00000000eb020000,0x00000000eb180000)
  to   space 1024K, 0% used [0x00000000eb200000,0x00000000eb200000,0x00000000eb300000)
 ParOldGen       total 244736K, used 239993K [0x00000000c0000000, 0x00000000cef00000, 0x00000000eab00000)
  object space 244736K, 98% used [0x00000000c0000000,0x00000000cea5e538,0x00000000cef00000)
 Metaspace       used 93700K, committed 94976K, reserved 1179648K
  class space    used 9591K, committed 10112K, reserved 1048576K
}
Event: 5109.747 GC heap after
{Heap after GC invocations=492 (full 12):
 PSYoungGen      total 5632K, used 672K [0x00000000eab00000, 0x00000000eb300000, 0x0000000100000000)
  eden space 4608K, 0% used [0x00000000eab00000,0x00000000eab00000,0x00000000eaf80000)
  from space 1024K, 65% used [0x00000000eb200000,0x00000000eb2a8020,0x00000000eb300000)
  to   space 1024K, 0% used [0x00000000eb100000,0x00000000eb100000,0x00000000eb200000)
 ParOldGen       total 244736K, used 240433K [0x00000000c0000000, 0x00000000cef00000, 0x00000000eab00000)
  object space 244736K, 98% used [0x00000000c0000000,0x00000000ceacc538,0x00000000cef00000)
 Metaspace       used 93700K, committed 94976K, reserved 1179648K
  class space    used 9591K, committed 10112K, reserved 1048576K
}
Event: 5109.754 GC heap before
{Heap before GC invocations=493 (full 12):
 PSYoungGen      total 5632K, used 5280K [0x00000000eab00000, 0x00000000eb300000, 0x0000000100000000)
  eden space 4608K, 100% used [0x00000000eab00000,0x00000000eaf80000,0x00000000eaf80000)
  from space 1024K, 65% used [0x00000000eb200000,0x00000000eb2a8020,0x00000000eb300000)
  to   space 1024K, 0% used [0x00000000eb100000,0x00000000eb100000,0x00000000eb200000)
 ParOldGen       total 244736K, used 240433K [0x00000000c0000000, 0x00000000cef00000, 0x00000000eab00000)
  object space 244736K, 98% used [0x00000000c0000000,0x00000000ceacc538,0x00000000cef00000)
 Metaspace       used 93793K, committed 95040K, reserved 1179648K
  class space    used 9609K, committed 10112K, reserved 1048576K
}
Event: 5109.755 GC heap after
{Heap after GC invocations=493 (full 12):
 PSYoungGen      total 5632K, used 1019K [0x00000000eab00000, 0x00000000eb680000, 0x0000000100000000)
  eden space 4608K, 0% used [0x00000000eab00000,0x00000000eab00000,0x00000000eaf80000)
  from space 1024K, 99% used [0x00000000eb100000,0x00000000eb1fed20,0x00000000eb200000)
  to   space 3584K, 0% used [0x00000000eb300000,0x00000000eb300000,0x00000000eb680000)
 ParOldGen       total 244736K, used 242553K [0x00000000c0000000, 0x00000000cef00000, 0x00000000eab00000)
  object space 244736K, 99% used [0x00000000c0000000,0x00000000cecde558,0x00000000cef00000)
 Metaspace       used 93793K, committed 95040K, reserved 1179648K
  class space    used 9609K, committed 10112K, reserved 1048576K
}
Event: 5109.763 GC heap before
{Heap before GC invocations=494 (full 13):
 PSYoungGen      total 5632K, used 5627K [0x00000000eab00000, 0x00000000eb680000, 0x0000000100000000)
  eden space 4608K, 100% used [0x00000000eab00000,0x00000000eaf80000,0x00000000eaf80000)
  from space 1024K, 99% used [0x00000000eb100000,0x00000000eb1fed20,0x00000000eb200000)
  to   space 3584K, 0% used [0x00000000eb300000,0x00000000eb300000,0x00000000eb680000)
 ParOldGen       total 244736K, used 242553K [0x00000000c0000000, 0x00000000cef00000, 0x00000000eab00000)
  object space 244736K, 99% used [0x00000000c0000000,0x00000000cecde558,0x00000000cef00000)
 Metaspace       used 93793K, committed 95040K, reserved 1179648K
  class space    used 9609K, committed 10112K, reserved 1048576K
}
Event: 5109.820 GC heap after
{Heap after GC invocations=494 (full 13):
 PSYoungGen      total 8192K, used 0K [0x00000000eab00000, 0x00000000eb680000, 0x0000000100000000)
  eden space 4608K, 0% used [0x00000000eab00000,0x00000000eab00000,0x00000000eaf80000)
  from space 3584K, 0% used [0x00000000eb300000,0x00000000eb300000,0x00000000eb680000)
  to   space 3584K, 0% used [0x00000000eaf80000,0x00000000eaf80000,0x00000000eb300000)
 ParOldGen       total 251904K, used 128360K [0x00000000c0000000, 0x00000000cf600000, 0x00000000eab00000)
  object space 251904K, 50% used [0x00000000c0000000,0x00000000c7d5a098,0x00000000cf600000)
 Metaspace       used 93793K, committed 95040K, reserved 1179648K
  class space    used 9609K, committed 10112K, reserved 1048576K
}
Event: 5109.825 GC heap before
{Heap before GC invocations=495 (full 13):
 PSYoungGen      total 8192K, used 4608K [0x00000000eab00000, 0x00000000eb680000, 0x0000000100000000)
  eden space 4608K, 100% used [0x00000000eab00000,0x00000000eaf80000,0x00000000eaf80000)
  from space 3584K, 0% used [0x00000000eb300000,0x00000000eb300000,0x00000000eb680000)
  to   space 3584K, 0% used [0x00000000eaf80000,0x00000000eaf80000,0x00000000eb300000)
 ParOldGen       total 251904K, used 128360K [0x00000000c0000000, 0x00000000cf600000, 0x00000000eab00000)
  object space 251904K, 50% used [0x00000000c0000000,0x00000000c7d5a098,0x00000000cf600000)
 Metaspace       used 93793K, committed 95104K, reserved 1179648K
  class space    used 9609K, committed 10112K, reserved 1048576K
}
Event: 5109.826 GC heap after
{Heap after GC invocations=495 (full 13):
 PSYoungGen      total 6144K, used 1428K [0x00000000eab00000, 0x00000000eb380000, 0x0000000100000000)
  eden space 4608K, 0% used [0x00000000eab00000,0x00000000eab00000,0x00000000eaf80000)
  from space 1536K, 93% used [0x00000000eaf80000,0x00000000eb0e5200,0x00000000eb100000)
  to   space 2048K, 0% used [0x00000000eb180000,0x00000000eb180000,0x00000000eb380000)
 ParOldGen       total 251904K, used 128360K [0x00000000c0000000, 0x00000000cf600000, 0x00000000eab00000)
  object space 251904K, 50% used [0x00000000c0000000,0x00000000c7d5a098,0x00000000cf600000)
 Metaspace       used 93793K, committed 95104K, reserved 1179648K
  class space    used 9609K, committed 10112K, reserved 1048576K
}
Event: 5109.831 GC heap before
{Heap before GC invocations=496 (full 13):
 PSYoungGen      total 6144K, used 6036K [0x00000000eab00000, 0x00000000eb380000, 0x0000000100000000)
  eden space 4608K, 100% used [0x00000000eab00000,0x00000000eaf80000,0x00000000eaf80000)
  from space 1536K, 93% used [0x00000000eaf80000,0x00000000eb0e5200,0x00000000eb100000)
  to   space 2048K, 0% used [0x00000000eb180000,0x00000000eb180000,0x00000000eb380000)
 ParOldGen       total 251904K, used 128360K [0x00000000c0000000, 0x00000000cf600000, 0x00000000eab00000)
  object space 251904K, 50% used [0x00000000c0000000,0x00000000c7d5a098,0x00000000cf600000)
 Metaspace       used 93793K, committed 95104K, reserved 1179648K
  class space    used 9609K, committed 10112K, reserved 1048576K
}
Event: 5109.832 GC heap after
{Heap after GC invocations=496 (full 13):
 PSYoungGen      total 5632K, used 736K [0x00000000eab00000, 0x00000000eb280000, 0x0000000100000000)
  eden space 4608K, 0% used [0x00000000eab00000,0x00000000eab00000,0x00000000eaf80000)
  from space 1024K, 71% used [0x00000000eb180000,0x00000000eb238000,0x00000000eb280000)
  to   space 1536K, 0% used [0x00000000eaf80000,0x00000000eaf80000,0x00000000eb100000)
 ParOldGen       total 251904K, used 129613K [0x00000000c0000000, 0x00000000cf600000, 0x00000000eab00000)
  object space 251904K, 51% used [0x00000000c0000000,0x00000000c7e93548,0x00000000cf600000)
 Metaspace       used 93793K, committed 95104K, reserved 1179648K
  class space    used 9609K, committed 10112K, reserved 1048576K
}
Event: 5109.837 GC heap before
{Heap before GC invocations=497 (full 13):
 PSYoungGen      total 5632K, used 5344K [0x00000000eab00000, 0x00000000eb280000, 0x0000000100000000)
  eden space 4608K, 100% used [0x00000000eab00000,0x00000000eaf80000,0x00000000eaf80000)
  from space 1024K, 71% used [0x00000000eb180000,0x00000000eb238000,0x00000000eb280000)
  to   space 1536K, 0% used [0x00000000eaf80000,0x00000000eaf80000,0x00000000eb100000)
 ParOldGen       total 251904K, used 129613K [0x00000000c0000000, 0x00000000cf600000, 0x00000000eab00000)
  object space 251904K, 51% used [0x00000000c0000000,0x00000000c7e93548,0x00000000cf600000)
 Metaspace       used 93796K, committed 95104K, reserved 1179648K
  class space    used 9609K, committed 10112K, reserved 1048576K
}
Event: 5109.838 GC heap after
{Heap after GC invocations=497 (full 13):
 PSYoungGen      total 6144K, used 564K [0x00000000eab00000, 0x00000000eb200000, 0x0000000100000000)
  eden space 4608K, 0% used [0x00000000eab00000,0x00000000eab00000,0x00000000eaf80000)
  from space 1536K, 36% used [0x00000000eaf80000,0x00000000eb00d200,0x00000000eb100000)
  to   space 1024K, 0% used [0x00000000eb100000,0x00000000eb100000,0x00000000eb200000)
 ParOldGen       total 251904K, used 130149K [0x00000000c0000000, 0x00000000cf600000, 0x00000000eab00000)
  object space 251904K, 51% used [0x00000000c0000000,0x00000000c7f19568,0x00000000cf600000)
 Metaspace       used 93796K, committed 95104K, reserved 1179648K
  class space    used 9609K, committed 10112K, reserved 1048576K
}
Event: 5109.841 GC heap before
{Heap before GC invocations=498 (full 13):
 PSYoungGen      total 6144K, used 5172K [0x00000000eab00000, 0x00000000eb200000, 0x0000000100000000)
  eden space 4608K, 100% used [0x00000000eab00000,0x00000000eaf80000,0x00000000eaf80000)
  from space 1536K, 36% used [0x00000000eaf80000,0x00000000eb00d200,0x00000000eb100000)
  to   space 1024K, 0% used [0x00000000eb100000,0x00000000eb100000,0x00000000eb200000)
 ParOldGen       total 251904K, used 130149K [0x00000000c0000000, 0x00000000cf600000, 0x00000000eab00000)
  object space 251904K, 51% used [0x00000000c0000000,0x00000000c7f19568,0x00000000cf600000)
 Metaspace       used 93796K, committed 95104K, reserved 1179648K
  class space    used 9609K, committed 10112K, reserved 1048576K
}
Event: 5109.842 GC heap after
{Heap after GC invocations=498 (full 13):
 PSYoungGen      total 5632K, used 864K [0x00000000eab00000, 0x00000000eb200000, 0x0000000100000000)
  eden space 4608K, 0% used [0x00000000eab00000,0x00000000eab00000,0x00000000eaf80000)
  from space 1024K, 84% used [0x00000000eb100000,0x00000000eb1d8000,0x00000000eb200000)
  to   space 1024K, 0% used [0x00000000eb000000,0x00000000eb000000,0x00000000eb100000)
 ParOldGen       total 251904K, used 130553K [0x00000000c0000000, 0x00000000cf600000, 0x00000000eab00000)
  object space 251904K, 51% used [0x00000000c0000000,0x00000000c7f7e630,0x00000000cf600000)
 Metaspace       used 93796K, committed 95104K, reserved 1179648K
  class space    used 9609K, committed 10112K, reserved 1048576K
}

